<?xml version="1.0" encoding="UTF-8"?>
<!-- Generated by org.testng.reporters.JUnitReportReporter -->
<testsuite skipped="0" hostname="Testing-PC" name="com.computechis.testcases.LogoutTest" tests="3" failures="0" timestamp="2020-12-16T09:31:42 IST" time="17.289" errors="0">
  <testcase name="verifyTitle" time="0.122" classname="com.computechis.testcases.LogoutTest"/>
  <system-out/>
  <testcase name="verifyURL" time="1.012" classname="com.computechis.testcases.LogoutTest"/>
  <system-out/>
  <testcase name="logout" time="16.155" classname="com.computechis.testcases.LogoutTest"/>
  <system-out/>
</testsuite> <!-- com.computechis.testcases.LogoutTest -->
