<?xml version="1.0" encoding="UTF-8"?>
<!-- Generated by org.testng.reporters.JUnitReportReporter -->
<testsuite skipped="0" hostname="Testing-PC" name="com.computechis.testcases.LoginTestDDT1" tests="1" failures="0" timestamp="2020-12-09T09:58:41 IST" time="6.269" errors="0">
  <testcase name="login" time="6.269" classname="com.computechis.testcases.LoginTestDDT1"/>
  <system-out/>
</testsuite> <!-- com.computechis.testcases.LoginTestDDT1 -->
