<?xml version="1.0" encoding="UTF-8"?>
<!-- Generated by org.testng.reporters.JUnitReportReporter -->
<testsuite skipped="0" hostname="Testing-PC" name="com.computechis.testcases.LoginTest" tests="1" failures="0" timestamp="2020-12-09T09:56:47 IST" time="5.854" errors="0">
  <testcase name="login" time="5.854" classname="com.computechis.testcases.LoginTest"/>
  <system-out/>
</testsuite> <!-- com.computechis.testcases.LoginTest -->
