<?xml version="1.0" encoding="UTF-8"?>
<!-- Generated by org.testng.reporters.JUnitReportReporter -->
<testsuite skipped="0" hostname="Testing-PC" name="com.computechis.unittest.TestBrowserFactory" tests="1" failures="0" timestamp="04 Dec 2020 04:39:52 GMT" time="16.161" errors="0">
  <testcase name="testBrowserLib" time="16.161" classname="com.computechis.unittest.TestBrowserFactory"/>
</testsuite> <!-- com.computechis.unittest.TestBrowserFactory -->
