<?xml version="1.0" encoding="UTF-8"?>
<!-- Generated by org.testng.reporters.JUnitReportReporter -->
<testsuite skipped="0" hostname="Testing-PC" name="com.computechis.unittest.TestDataProviderFactory" tests="1" failures="0" timestamp="2020-12-04T09:35:53 IST" time="0.012" errors="0">
  <testcase name="testConfigLib" time="0.012" classname="com.computechis.unittest.TestDataProviderFactory"/>
  <system-out/>
</testsuite> <!-- com.computechis.unittest.TestDataProviderFactory -->
